c:\users\16062\source\repos\go_bang\go_bang\debug\vc142.pdb
c:\users\16062\source\repos\go_bang\go_bang\debug\vc142.idb
c:\users\16062\source\repos\go_bang\go_bang\debug\go_bang.obj
c:\users\16062\source\repos\go_bang\go_bang\debug\game_application.obj
c:\users\16062\source\repos\go_bang\go_bang\debug\gameplayer.obj
c:\users\16062\source\repos\go_bang\go_bang\debug\chess_point.obj
c:\users\16062\source\repos\go_bang\go_bang\debug\chessboard.obj
c:\users\16062\source\repos\go_bang\debug\go_bang.exe
c:\users\16062\source\repos\go_bang\debug\go_bang.ilk
c:\users\16062\source\repos\go_bang\debug\go_bang.pdb
c:\users\16062\source\repos\go_bang\go_bang\debug\go_bang.res
c:\users\16062\source\repos\go_bang\go_bang\debug\go_bang.tlog\cl.command.1.tlog
c:\users\16062\source\repos\go_bang\go_bang\debug\go_bang.tlog\cl.read.1.tlog
c:\users\16062\source\repos\go_bang\go_bang\debug\go_bang.tlog\cl.write.1.tlog
c:\users\16062\source\repos\go_bang\go_bang\debug\go_bang.tlog\link.command.1.tlog
c:\users\16062\source\repos\go_bang\go_bang\debug\go_bang.tlog\link.read.1.tlog
c:\users\16062\source\repos\go_bang\go_bang\debug\go_bang.tlog\link.write.1.tlog
c:\users\16062\source\repos\go_bang\go_bang\debug\go_bang.tlog\rc.command.1.tlog
c:\users\16062\source\repos\go_bang\go_bang\debug\go_bang.tlog\rc.read.1.tlog
c:\users\16062\source\repos\go_bang\go_bang\debug\go_bang.tlog\rc.write.1.tlog
